2018-10-05 12:21:59	项链	500
2018-10-06 12:21:59	戒指	12000
2018-10-02 12:21:59	键盘	100
2018-10-02 12:21:59	戒指	12000
2018-10-04 12:21:59	鼠标	500
2018-10-04 12:21:59	戒指	2000
2018-10-03 12:21:59	外星人显示器	2000
2018-10-06 12:21:59	鼠标	500
2018-10-06 12:21:59	鼠标	12000
2018-10-03 12:21:59	手表	18
2018-10-01 12:21:59	项链	12000
2018-10-04 12:21:59	海盗船内存条	18
2018-10-05 12:21:59	鼠标	500
2018-10-05 12:21:59	外星人显示器	100
2018-10-01 12:21:59	戒指	100
2018-10-07 12:21:59	鼠标	18
2018-10-02 12:21:59	外星人显示器	100
2018-10-02 12:21:59	戒指	500
2018-10-02 12:21:59	项链	2000
2018-10-03 12:21:59	手表	12000
2018-10-02 12:21:59	机箱	2000
2018-10-06 12:21:59	煊赫门	12000
2018-10-02 12:21:59	项链	100
2018-10-01 12:21:59	海盗船内存条	500
2018-10-01 12:21:59	键盘	2000
2018-10-05 12:21:59	手表	500
2018-10-06 12:21:59	项链	18
2018-10-04 12:21:59	机箱	18
2018-10-01 12:21:59	键盘	12000
2018-10-07 12:21:59	手表	18
2018-10-04 12:21:59	外星人显示器	2000
2018-10-06 12:21:59	海盗船内存条	100
2018-10-03 12:21:59	海盗船内存条	18
2018-10-05 12:21:59	项链	500
2018-10-06 12:21:59	鼠标	100
2018-10-07 12:21:59	项链	12000
2018-10-07 12:21:59	外星人显示器	2000
2018-10-05 12:21:59	机箱	12000
2018-10-05 12:21:59	键盘	500
2018-10-07 12:21:59	键盘	18
2018-10-05 12:21:59	戒指	100
2018-10-07 12:21:59	煊赫门	100
2018-10-01 12:21:59	鼠标	2000
2018-10-03 12:21:59	海盗船内存条	18
2018-10-04 12:21:59	手表	12000
2018-10-06 12:21:59	煊赫门	18
2018-10-06 12:21:59	外星人显示器	500
2018-10-01 12:21:59	外星人显示器	2000
2018-10-01 12:21:59	键盘	18
2018-10-05 12:21:59	海盗船内存条	100
2018-10-04 12:21:59	项链	2000
2018-10-02 12:21:59	戒指	500
2018-10-06 12:21:59	机箱	500
2018-10-01 12:21:59	手表	100
2018-10-06 12:21:59	键盘	12000
2018-10-03 12:21:59	项链	18
2018-10-07 12:21:59	键盘	100
2018-10-06 12:21:59	手表	12000
2018-10-04 12:21:59	煊赫门	100
2018-10-02 12:21:59	机箱	100
2018-10-04 12:21:59	戒指	100
2018-10-06 12:21:59	手表	500
2018-10-04 12:21:59	手表	500
2018-10-03 12:21:59	外星人显示器	500
2018-10-01 12:21:59	海盗船内存条	18
2018-10-03 12:21:59	鼠标	500
2018-10-07 12:21:59	手表	2000
2018-10-04 12:21:59	海盗船内存条	2000
2018-10-01 12:21:59	手表	12000
2018-10-02 12:21:59	外星人显示器	12000
2018-10-02 12:21:59	键盘	18
2018-10-04 12:21:59	手表	2000
2018-10-05 12:21:59	手表	18
2018-10-05 12:21:59	外星人显示器	2000
2018-10-04 12:21:59	煊赫门	18
2018-10-06 12:21:59	键盘	12000
2018-10-03 12:21:59	外星人显示器	100
2018-10-06 12:21:59	煊赫门	12000
2018-10-07 12:21:59	键盘	18
2018-10-01 12:21:59	鼠标	500
2018-10-04 12:21:59	外星人显示器	500
2018-10-07 12:21:59	键盘	100
2018-10-07 12:21:59	海盗船内存条	12000
2018-10-01 12:21:59	机箱	500
2018-10-01 12:21:59	戒指	100
2018-10-05 12:21:59	手表	12000
2018-10-01 12:21:59	机箱	12000
2018-10-01 12:21:59	煊赫门	18
2018-10-02 12:21:59	项链	18
2018-10-05 12:21:59	手表	18
2018-10-07 12:21:59	鼠标	100
2018-10-07 12:21:59	海盗船内存条	12000
2018-10-04 12:21:59	机箱	12000
2018-10-04 12:21:59	鼠标	2000
2018-10-06 12:21:59	海盗船内存条	2000
2018-10-05 12:21:59	鼠标	100
2018-10-02 12:21:59	鼠标	100
2018-10-06 12:21:59	项链	100
2018-10-05 12:21:59	外星人显示器	18
2018-10-07 12:21:59	戒指	500
2018-10-08 12:21:59	音响	500